[0m14:37:52.009323 [debug] [MainThread]: Sending event: {'category': 'dbt', 'action': 'invocation', 'label': 'start', 'context': [<snowplow_tracker.self_describing_json.SelfDescribingJson object at 0x000001886E402510>, <snowplow_tracker.self_describing_json.SelfDescribingJson object at 0x000001886E08BD50>, <snowplow_tracker.self_describing_json.SelfDescribingJson object at 0x000001886E089490>]}


============================== 14:37:52.012315 | 27b0d776-6391-46ac-ab00-e4d0ccc81182 ==============================
[0m14:37:52.012315 [info ] [MainThread]: Running with dbt=1.5.3
[0m14:37:52.013310 [debug] [MainThread]: running dbt with arguments {'printer_width': '80', 'indirect_selection': 'eager', 'log_cache_events': 'False', 'write_json': 'True', 'partial_parse': 'True', 'cache_selected_only': 'False', 'profiles_dir': 'C:\\Users\\Simian\\.dbt', 'version_check': 'True', 'debug': 'False', 'log_path': 'logs', 'warn_error': 'None', 'fail_fast': 'False', 'use_colors': 'True', 'use_experimental_parser': 'False', 'no_print': 'None', 'quiet': 'False', 'warn_error_options': 'WarnErrorOptions(include=[], exclude=[])', 'static_parser': 'True', 'log_format': 'default', 'introspect': 'True', 'target_path': 'None', 'send_anonymous_usage_stats': 'True'}
[0m14:37:52.015306 [debug] [MainThread]: Starter project path: C:\Users\Simian\AppData\Local\Programs\Python\Python311\Lib\site-packages\dbt\include\starter_project
[0m14:37:58.040760 [info ] [MainThread]: 
Your new dbt project "demo_dbt" was created!

For more information on how to configure the profiles.yml file,
please consult the dbt documentation here:

  https://docs.getdbt.com/docs/configure-your-profile

One more thing:

Need help? Don't hesitate to reach out to us via GitHub issues or on Slack:

  https://community.getdbt.com/

Happy modeling!

[0m14:37:58.041864 [debug] [MainThread]: Command `dbt init` succeeded at 14:37:58.041864 after 6.05 seconds
[0m14:37:58.042865 [debug] [MainThread]: Sending event: {'category': 'dbt', 'action': 'invocation', 'label': 'end', 'context': [<snowplow_tracker.self_describing_json.SelfDescribingJson object at 0x000001886E355FD0>, <snowplow_tracker.self_describing_json.SelfDescribingJson object at 0x000001886E3DE690>, <snowplow_tracker.self_describing_json.SelfDescribingJson object at 0x000001886E456BD0>]}
[0m14:37:58.043751 [debug] [MainThread]: Flushing usage events
[0m15:02:28.199911 [debug] [MainThread]: Sending event: {'category': 'dbt', 'action': 'invocation', 'label': 'start', 'context': [<snowplow_tracker.self_describing_json.SelfDescribingJson object at 0x00000201EF1F1D10>, <snowplow_tracker.self_describing_json.SelfDescribingJson object at 0x00000201ECE636D0>, <snowplow_tracker.self_describing_json.SelfDescribingJson object at 0x00000201EF1C8C50>]}


============================== 15:02:28.203897 | 00531574-3ba1-421c-beec-c4de1a7f5613 ==============================
[0m15:02:28.203897 [info ] [MainThread]: Running with dbt=1.5.3
[0m15:02:28.204896 [debug] [MainThread]: running dbt with arguments {'printer_width': '80', 'indirect_selection': 'eager', 'write_json': 'True', 'log_cache_events': 'False', 'partial_parse': 'True', 'cache_selected_only': 'False', 'warn_error': 'None', 'debug': 'False', 'fail_fast': 'False', 'log_path': 'logs', 'version_check': 'True', 'profiles_dir': 'C:\\Users\\Simian\\.dbt', 'use_colors': 'True', 'use_experimental_parser': 'False', 'no_print': 'None', 'quiet': 'False', 'warn_error_options': 'WarnErrorOptions(include=[], exclude=[])', 'introspect': 'True', 'log_format': 'default', 'static_parser': 'True', 'target_path': 'None', 'send_anonymous_usage_stats': 'True'}
[0m15:02:28.205893 [info ] [MainThread]: dbt version: 1.5.3
[0m15:02:28.206890 [info ] [MainThread]: python version: 3.11.4
[0m15:02:28.206890 [info ] [MainThread]: python path: C:\Users\Simian\AppData\Local\Programs\Python\Python311\python.exe
[0m15:02:28.207888 [info ] [MainThread]: os info: Windows-10-10.0.19045-SP0
[0m15:02:28.208884 [info ] [MainThread]: Using profiles.yml file at C:\Users\Simian\.dbt\profiles.yml
[0m15:02:28.208884 [info ] [MainThread]: Using dbt_project.yml file at C:\dbt-tutor\dbt-tutorial\dbt_project.yml
[0m15:02:28.210136 [info ] [MainThread]: Configuration:
[0m15:02:28.210880 [info ] [MainThread]:   profiles.yml file [[32mOK found and valid[0m]
[0m15:02:28.212946 [info ] [MainThread]:   dbt_project.yml file [[31mERROR not found[0m]
[0m15:02:28.213016 [info ] [MainThread]: Required dependencies:
[0m15:02:28.215946 [debug] [MainThread]: Executing "git --help"
[0m15:02:28.269867 [debug] [MainThread]: STDOUT: "b"usage: git [-v | --version] [-h | --help] [-C <path>] [-c <name>=<value>]\n           [--exec-path[=<path>]] [--html-path] [--man-path] [--info-path]\n           [-p | --paginate | -P | --no-pager] [--no-replace-objects] [--bare]\n           [--git-dir=<path>] [--work-tree=<path>] [--namespace=<name>]\n           [--config-env=<name>=<envvar>] <command> [<args>]\n\nThese are common Git commands used in various situations:\n\nstart a working area (see also: git help tutorial)\n   clone     Clone a repository into a new directory\n   init      Create an empty Git repository or reinitialize an existing one\n\nwork on the current change (see also: git help everyday)\n   add       Add file contents to the index\n   mv        Move or rename a file, a directory, or a symlink\n   restore   Restore working tree files\n   rm        Remove files from the working tree and from the index\n\nexamine the history and state (see also: git help revisions)\n   bisect    Use binary search to find the commit that introduced a bug\n   diff      Show changes between commits, commit and working tree, etc\n   grep      Print lines matching a pattern\n   log       Show commit logs\n   show      Show various types of objects\n   status    Show the working tree status\n\ngrow, mark and tweak your common history\n   branch    List, create, or delete branches\n   commit    Record changes to the repository\n   merge     Join two or more development histories together\n   rebase    Reapply commits on top of another base tip\n   reset     Reset current HEAD to the specified state\n   switch    Switch branches\n   tag       Create, list, delete or verify a tag object signed with GPG\n\ncollaborate (see also: git help workflows)\n   fetch     Download objects and refs from another repository\n   pull      Fetch from and integrate with another repository or a local branch\n   push      Update remote refs along with associated objects\n\n'git help -a' and 'git help -g' list available subcommands and some\nconcept guides. See 'git help <command>' or 'git help <concept>'\nto read about a specific subcommand or concept.\nSee 'git help git' for an overview of the system.\n""
[0m15:02:28.270865 [debug] [MainThread]: STDERR: "b''"
[0m15:02:28.271576 [info ] [MainThread]:  - git [[32mOK found[0m]

[0m15:02:28.271863 [info ] [MainThread]: [31m0 checks failed:[0m
[0m15:02:28.273860 [debug] [MainThread]: Command `dbt debug` failed at 15:02:28.273860 after 0.09 seconds
[0m15:02:28.273860 [debug] [MainThread]: Sending event: {'category': 'dbt', 'action': 'invocation', 'label': 'end', 'context': [<snowplow_tracker.self_describing_json.SelfDescribingJson object at 0x00000201EF92BA50>, <snowplow_tracker.self_describing_json.SelfDescribingJson object at 0x00000201EF1C9D50>, <snowplow_tracker.self_describing_json.SelfDescribingJson object at 0x00000201EF1C83D0>]}
[0m15:02:28.274855 [debug] [MainThread]: Flushing usage events
[0m15:40:35.116162 [debug] [MainThread]: Sending event: {'category': 'dbt', 'action': 'invocation', 'label': 'start', 'context': [<snowplow_tracker.self_describing_json.SelfDescribingJson object at 0x00000282DDAD2ED0>, <snowplow_tracker.self_describing_json.SelfDescribingJson object at 0x00000282DD6FF390>, <snowplow_tracker.self_describing_json.SelfDescribingJson object at 0x00000282DD6FF310>]}


============================== 15:40:35.123727 | 54c83858-f287-4a59-8b82-16251ff53631 ==============================
[0m15:40:35.123727 [info ] [MainThread]: Running with dbt=1.5.3
[0m15:40:35.125200 [debug] [MainThread]: running dbt with arguments {'printer_width': '80', 'indirect_selection': 'eager', 'write_json': 'True', 'log_cache_events': 'False', 'partial_parse': 'True', 'cache_selected_only': 'False', 'warn_error': 'None', 'debug': 'False', 'profiles_dir': 'C:\\Users\\Simian\\.dbt', 'log_path': 'logs', 'version_check': 'True', 'fail_fast': 'False', 'use_colors': 'True', 'use_experimental_parser': 'False', 'no_print': 'None', 'quiet': 'False', 'log_format': 'default', 'introspect': 'True', 'static_parser': 'True', 'warn_error_options': 'WarnErrorOptions(include=[], exclude=[])', 'target_path': 'None', 'send_anonymous_usage_stats': 'True'}
[0m15:40:35.125721 [error] [MainThread]: Encountered an error:
Runtime Error
  No dbt_project.yml found at expected path .\dbt_project.yml
  Verify that each entry within packages.yml (and their transitive dependencies) contains a file named dbt_project.yml
  
[0m15:40:35.126719 [debug] [MainThread]: Command `dbt compile` failed at 15:40:35.126574 after 0.02 seconds
[0m15:40:35.126719 [debug] [MainThread]: Sending event: {'category': 'dbt', 'action': 'invocation', 'label': 'end', 'context': [<snowplow_tracker.self_describing_json.SelfDescribingJson object at 0x00000282DD2D8ED0>, <snowplow_tracker.self_describing_json.SelfDescribingJson object at 0x00000282DDAD3190>, <snowplow_tracker.self_describing_json.SelfDescribingJson object at 0x00000282D716AB10>]}
[0m15:40:35.126719 [debug] [MainThread]: Flushing usage events
